#
# There is insufficient memory for the Java Runtime Environment to continue.
# Native memory allocation (mmap) failed to map 134217728 bytes for Failed to commit area from 0x0000000081600000 to 0x0000000089600000 of length 134217728.
# Possible reasons:
#   The system is out of physical RAM or swap space
#   The process is running with CompressedOops enabled, and the Java Heap may be blocking the growth of the native heap
# Possible solutions:
#   Reduce memory load on the system
#   Increase physical memory or swap space
#   Check if swap backing store is full
#   Decrease Java heap size (-Xmx/-Xms)
#   Decrease number of Java threads
#   Decrease Java thread stack sizes (-Xss)
#   Set larger code cache with -XX:ReservedCodeCacheSize=
# This output file may be truncated or incomplete.
#
#  Out of Memory Error (./src/hotspot/os/windows/os_windows.cpp:3303), pid=1668, tid=13824
#
# JRE version:  (11.0.7+10) (build )
# Java VM: OpenJDK 64-Bit Server VM (11.0.7+10-b765.53, mixed mode, sharing, tiered, compressed oops, g1 gc, windows-amd64)
# No core dump will be written. Minidumps are not enabled by default on client versions of Windows
#

---------------  S U M M A R Y ------------

Command Line: org.jetbrains.git4idea.http.GitAskPassApp Username for 'https://github.com': 

Host: Intel(R) Core(TM) i5-6300HQ CPU @ 2.30GHz, 4 cores, 7G,  Windows 10 , 64 bit Build 18362 (10.0.18362.959)
Time: Wed Sep 16 15:15:50 2020 ?D1¨²¡À¨º¡Á?¨º¡À?? elapsed time: 0 seconds (0d 0h 0m 0s)

---------------  T H R E A D  ---------------

Current thread (0x000001cbe4dc4000):  JavaThread "Unknown thread" [_thread_in_vm, id=13824, stack(0x0000002cf6600000,0x0000002cf6700000)]

Stack: [0x0000002cf6600000,0x0000002cf6700000]
Native frames: (J=compiled Java code, j=interpreted, Vv=VM code, C=native code)
V  [jvm.dll+0x5dda4a]
V  [jvm.dll+0x711595]
V  [jvm.dll+0x712aed]
V  [jvm.dll+0x7131a3]
V  [jvm.dll+0x23e368]
V  [jvm.dll+0x5daf04]
V  [jvm.dll+0x5d0085]
V  [jvm.dll+0x2fb0cb]
V  [jvm.dll+0x2fb03a]
V  [jvm.dll+0x2faf12]
V  [jvm.dll+0x2ffdf6]
V  [jvm.dll+0x348393]
V  [jvm.dll+0x348a96]
V  [jvm.dll+0x348493]
V  [jvm.dll+0x2d59e8]
V  [jvm.dll+0x2d6b87]
V  [jvm.dll+0x6f04e7]
V  [jvm.dll+0x6f1cdc]
V  [jvm.dll+0x355909]
V  [jvm.dll+0x6d42ae]
V  [jvm.dll+0x3bda13]
V  [jvm.dll+0x3bfc51]
C  [jli.dll+0x5363]
C  [ucrtbase.dll+0x20e82]
C  [KERNEL32.DLL+0x17bd4]
C  [ntdll.dll+0x6ce51]


---------------  P R O C E S S  ---------------

Threads class SMR info:
_java_thread_list=0x000001cbe2cc5bf0, length=0, elements={
}

Java Threads: ( => current thread )

Other Threads:
  0x000001cbe4ddd000 GCTaskThread "GC Thread#0" [stack: 0x0000002cf6700000,0x0000002cf6800000] [id=8752]
  0x000001cbe4e0d000 ConcurrentGCThread "G1 Main Marker" [stack: 0x0000002cf6800000,0x0000002cf6900000] [id=9872]
  0x000001cbe4e0f000 ConcurrentGCThread "G1 Conc#0" [stack: 0x0000002cf6900000,0x0000002cf6a00000] [id=13172]

[error occurred during error reporting (printing all threads), id 0xc0000005, EXCEPTION_ACCESS_VIOLATION (0xc0000005) at pc=0x00007ff98aed5fc7]

VM state:not at safepoint (not fully initialized)

VM Mutex/Monitor currently owned by a thread:  ([mutex/lock_event])
[0x000001cbe4dc0de0] Heap_lock - owner thread: 0x000001cbe4dc4000

Heap address: 0x0000000081600000, size: 2026 MB, Compressed Oops mode: Non-zero based: 0x0000000081600000
Narrow klass base: 0x0000000000000000, Narrow klass shift: 0

GC Heap History (0 events):
No events

Deoptimization events (0 events):
No events

Classes redefined (0 events):
No events

Internal exceptions (0 events):
No events

Events (2 events):
Event: 0.008 Loaded shared library F:\IDEA\IntelliJ IDEA 2020.1.2\jbr\bin\zip.dll
Event: 0.008 Loaded shared library F:\IDEA\IntelliJ IDEA 2020.1.2\jbr\bin\jimage.dll


Dynamic libraries:
0x00007ff61bbb0000 - 0x00007ff61bbba000 	F:\IDEA\IntelliJ IDEA 2020.1.2\jbr\bin\java.exe
0x00007ff9c5340000 - 0x00007ff9c5530000 	C:\WINDOWS\SYSTEM32\ntdll.dll
0x00007ff9c3a90000 - 0x00007ff9c3b42000 	C:\WINDOWS\System32\KERNEL32.DLL
0x00007ff9c2f40000 - 0x00007ff9c31e4000 	C:\WINDOWS\System32\KERNELBASE.dll
0x00007ff9c26b0000 - 0x00007ff9c27aa000 	C:\WINDOWS\System32\ucrtbase.dll
0x00007ff9b7760000 - 0x00007ff9b7779000 	F:\IDEA\IntelliJ IDEA 2020.1.2\jbr\bin\jli.dll
0x00007ff9b78b0000 - 0x00007ff9b78c7000 	F:\IDEA\IntelliJ IDEA 2020.1.2\jbr\bin\VCRUNTIME140.dll
0x00007ff9c5100000 - 0x00007ff9c5295000 	C:\WINDOWS\System32\USER32.dll
0x00007ff9c2600000 - 0x00007ff9c2621000 	C:\WINDOWS\System32\win32u.dll
0x00007ff9c3b50000 - 0x00007ff9c3b76000 	C:\WINDOWS\System32\GDI32.dll
0x00007ff9c3250000 - 0x00007ff9c33e6000 	C:\WINDOWS\System32\gdi32full.dll
0x00007ff9acd20000 - 0x00007ff9acfa4000 	C:\WINDOWS\WinSxS\amd64_microsoft.windows.common-controls_6595b64144ccf1df_6.0.18362.1016_none_9e7a36bbe461dae4\COMCTL32.dll
0x00007ff9c22c0000 - 0x00007ff9c235e000 	C:\WINDOWS\System32\msvcp_win.dll
0x00007ff9c38b0000 - 0x00007ff9c394e000 	C:\WINDOWS\System32\msvcrt.dll
0x00007ff9c33f0000 - 0x00007ff9c3725000 	C:\WINDOWS\System32\combase.dll
0x00007ff9c3ee0000 - 0x00007ff9c4000000 	C:\WINDOWS\System32\RPCRT4.dll
0x00007ff9c2560000 - 0x00007ff9c25e0000 	C:\WINDOWS\System32\bcryptPrimitives.dll
0x00007ff9c3880000 - 0x00007ff9c38ae000 	C:\WINDOWS\System32\IMM32.DLL
0x00007ff99dea0000 - 0x00007ff99df3d000 	F:\IDEA\IntelliJ IDEA 2020.1.2\jbr\bin\msvcp140.dll
0x00007ff98abf0000 - 0x00007ff98b6ab000 	F:\IDEA\IntelliJ IDEA 2020.1.2\jbr\bin\server\jvm.dll
0x00007ff9c45d0000 - 0x00007ff9c4673000 	C:\WINDOWS\System32\ADVAPI32.dll
0x00007ff9c3e40000 - 0x00007ff9c3ed7000 	C:\WINDOWS\System32\sechost.dll
0x00007ff9c3ce0000 - 0x00007ff9c3ce8000 	C:\WINDOWS\System32\PSAPI.DLL
0x00007ff9ae0e0000 - 0x00007ff9ae0e9000 	C:\WINDOWS\SYSTEM32\WSOCK32.dll
0x00007ff9b9ab0000 - 0x00007ff9b9ad4000 	C:\WINDOWS\SYSTEM32\WINMM.dll
0x00007ff9bdad0000 - 0x00007ff9bdada000 	C:\WINDOWS\SYSTEM32\VERSION.dll
0x00007ff9c3950000 - 0x00007ff9c39bf000 	C:\WINDOWS\System32\WS2_32.dll
0x00007ff9b9860000 - 0x00007ff9b988d000 	C:\WINDOWS\SYSTEM32\WINMMBASE.dll
0x00007ff9c2630000 - 0x00007ff9c267a000 	C:\WINDOWS\System32\cfgmgr32.dll
0x00007ff9c2200000 - 0x00007ff9c2211000 	C:\WINDOWS\System32\kernel.appcore.dll
0x00007ff9b92a0000 - 0x00007ff9b92b1000 	F:\IDEA\IntelliJ IDEA 2020.1.2\jbr\bin\verify.dll
0x00007ff9c0bb0000 - 0x00007ff9c0da4000 	C:\WINDOWS\SYSTEM32\DBGHELP.DLL
0x00007ff9bc230000 - 0x00007ff9bc25a000 	C:\WINDOWS\SYSTEM32\dbgcore.DLL
0x00007ff99fad0000 - 0x00007ff99faf9000 	F:\IDEA\IntelliJ IDEA 2020.1.2\jbr\bin\java.dll
0x00007ff9a31b0000 - 0x00007ff9a31c8000 	F:\IDEA\IntelliJ IDEA 2020.1.2\jbr\bin\zip.dll
0x00007ff9ba310000 - 0x00007ff9ba31b000 	F:\IDEA\IntelliJ IDEA 2020.1.2\jbr\bin\jimage.dll

dbghelp: loaded successfully - version: 4.0.5 - missing functions: none
symbol engine: initialized successfully - sym options: 0x614 - pdb path: .;F:\IDEA\IntelliJ IDEA 2020.1.2\jbr\bin;C:\WINDOWS\SYSTEM32;C:\WINDOWS\WinSxS\amd64_microsoft.windows.common-controls_6595b64144ccf1df_6.0.18362.1016_none_9e7a36bbe461dae4;F:\IDEA\IntelliJ IDEA 2020.1.2\jbr\bin\server

VM Arguments:
java_command: org.jetbrains.git4idea.http.GitAskPassApp Username for 'https://github.com': 
java_class_path (initial): F:/IDEA/IntelliJ IDEA 2020.1.2/plugins/git4idea/lib/git4idea-rt.jar;F:/IDEA/IntelliJ IDEA 2020.1.2/lib/xmlrpc-2.0.1.jar;F:/IDEA/IntelliJ IDEA 2020.1.2/lib/commons-codec-1.14.jar;F:/IDEA/IntelliJ IDEA 2020.1.2/lib/util.jar
Launcher Type: SUN_STANDARD

[Global flags]
     intx CICompilerCount                          = 3                                         {product} {ergonomic}
     uint ConcGCThreads                            = 1                                         {product} {ergonomic}
     uint G1ConcRefinementThreads                  = 4                                         {product} {ergonomic}
   size_t G1HeapRegionSize                         = 1048576                                   {product} {ergonomic}
    uintx GCDrainStackTargetSize                   = 64                                        {product} {ergonomic}
   size_t InitialHeapSize                          = 134217728                                 {product} {ergonomic}
   size_t MarkStackSize                            = 4194304                                   {product} {ergonomic}
   size_t MaxHeapSize                              = 2124414976                                {product} {ergonomic}
   size_t MinHeapDeltaBytes                        = 1048576                                   {product} {ergonomic}
    uintx NonNMethodCodeHeapSize                   = 5830732                                {pd product} {ergonomic}
    uintx NonProfiledCodeHeapSize                  = 122913754                              {pd product} {ergonomic}
    uintx ProfiledCodeHeapSize                     = 122913754                              {pd product} {ergonomic}
    uintx ReservedCodeCacheSize                    = 251658240                              {pd product} {ergonomic}
     bool SegmentedCodeCache                       = true                                      {product} {ergonomic}
     bool UseCompressedClassPointers               = true                                 {lp64_product} {ergonomic}
     bool UseCompressedOops                        = true                                 {lp64_product} {ergonomic}
     bool UseG1GC                                  = true                                      {product} {ergonomic}
     bool UseLargePagesIndividualAllocation        = false                                  {pd product} {ergonomic}

Logging:
Log output configuration:
 #0: stdout all=warning uptime,level,tags
 #1: stderr all=off uptime,level,tags

Environment Variables:
JAVA_HOME=C:\Program Files\Java\jdk-9.0.4
PATH=C:\Program Files (x86)\Git\mingw32\libexec\git-core;C:\Program Files (x86)\Git\mingw32\libexec\git-core;C:\Program Files (x86)\Git\mingw32\bin;C:\Program Files (x86)\Git\usr\bin;C:\Users\Administrator\bin;H:\BOOKs\IT\Desktop_Quick_Path\06_Java_EE\apache-tomcat-8.5.40\bin;H:\BOOKs\IT\Desktop_Quick_Path\06_Java_EE\apache-maven-3.6.3\bin;C:\ProgramData\Oracle\Java\javapath;C:\Program Files (x86)\Common Files\Intel\Shared Libraries\redist\intel64\compiler;C:\WINDOWS\system32;C:\WINDOWS;C:\WINDOWS\System32\Wbem;C:\WINDOWS\System32\WindowsPowerShell\v1.0;C:\WINDOWS\System32\OpenSSH;F:\mactype;C:\Program Files\Java\jdk-9.0.4\bin;C:\Program Files\Java\jdk-9.0.4\bin;C:\Program Files (x86)\Git\cmd;C:\Program Files\MySQL\MySQL Server 8.0\bin;F:\putty;C:\Users\Administrator\AppData\Local\Microsoft\WindowsApps
USERNAME=Administrator
DISPLAY=:0.0
OS=Windows_NT
PROCESSOR_IDENTIFIER=Intel64 Family 6 Model 94 Stepping 3, GenuineIntel



---------------  S Y S T E M  ---------------

OS: Windows 10 , 64 bit Build 18362 (10.0.18362.959)
OS uptime: 0 days 23:14 hours

CPU:total 4 (initial active 4) (4 cores per cpu, 1 threads per core) family 6 model 94 stepping 3, cmov, cx8, fxsr, mmx, sse, sse2, sse3, ssse3, sse4.1, sse4.2, popcnt, avx, avx2, aes, clmul, erms, rtm, 3dnowpref, lzcnt, tsc, tscinvbit, bmi1, bmi2, adx, fma

Memory: 4k page, system-wide physical 8100M (951M free)
TotalPageFile size 11400M (AvailPageFile size 74M)
current process WorkingSet (physical memory assigned to process): 10M, peak: 10M
current process commit charge ("private bytes"): 51M, peak: 179M

vm_info: OpenJDK 64-Bit Server VM (11.0.7+10-b765.53) for windows-amd64 JRE (11.0.7+10-b765.53), built on May 12 2020 04:38:25 by "" with MS VC++ 14.0 (VS2015)

END.
